# JRE version: OpenJDK Runtime Environment Temurin-17.0.10+7 (17.0.10+7) (build 17.0.10+7)
# Java VM: OpenJDK 64-Bit Server VM Temurin-17.0.10+7 (17.0.10+7, mixed mode, tiered, compressed oops, compressed class ptrs, parallel gc, windows-amd64)
GC Precious Log:
 CPUs: 8 total, 8 available
 Memory: 16275M
 Large Page Support: Disabled
 NUMA Support: Disabled
 Compressed Oops: Enabled (32-bit)
 Alignments: Space 512K, Generation 512K, Heap 2M
 Heap Min Capacity: 100M
 Heap Initial Capacity: 100M
 Heap Max Capacity: 1G
 Pre-touch: Disabled
 Parallel Workers: 8
Heap:
 PSYoungGen      total 4608K, used 3712K [0x00000000eab00000, 0x00000000eb300000, 0x0000000100000000)
  eden space 4096K, 82% used [0x00000000eab00000,0x00000000eae50230,0x00000000eaf00000)
  from space 512K, 62% used [0x00000000eb280000,0x00000000eb2d0000,0x00000000eb300000)
  to   space 512K, 0% used [0x00000000eb000000,0x00000000eb000000,0x00000000eb080000)
 ParOldGen       total 117760K, used 94797K [0x00000000c0000000, 0x00000000c7300000, 0x00000000eab00000)
  object space 117760K, 80% used [0x00000000c0000000,0x00000000c5c936d8,0x00000000c7300000)
 Metaspace       used 76729K, committed 77952K, reserved 1179648K
  class space    used 8463K, committed 9024K, reserved 1048576K
GC Heap History (20 events):
Event: 84.831 GC heap before
{Heap before GC invocations=120 (full 5):
 PSYoungGen      total 4608K, used 4544K [0x00000000eab00000, 0x00000000eb200000, 0x0000000100000000)
  eden space 2560K, 100% used [0x00000000eab00000,0x00000000ead80000,0x00000000ead80000)
  from space 2048K, 96% used [0x00000000eb000000,0x00000000eb1f0000,0x00000000eb200000)
  to   space 2048K, 0% used [0x00000000eae00000,0x00000000eae00000,0x00000000eb000000)
 ParOldGen       total 96256K, used 87157K [0x00000000c0000000, 0x00000000c5e00000, 0x00000000eab00000)
  object space 96256K, 90% used [0x00000000c0000000,0x00000000c551d5c8,0x00000000c5e00000)
 Metaspace       used 75892K, committed 77056K, reserved 1179648K
  class space    used 8401K, committed 8960K, reserved 1048576K
}
Event: 84.836 GC heap after
{Heap after GC invocations=120 (full 5):
 PSYoungGen      total 5120K, used 2030K [0x00000000eab00000, 0x00000000eb800000, 0x0000000100000000)
  eden space 3072K, 0% used [0x00000000eab00000,0x00000000eab00000,0x00000000eae00000)
  from space 2048K, 99% used [0x00000000eae00000,0x00000000eaffba70,0x00000000eb000000)
  to   space 5120K, 0% used [0x00000000eb300000,0x00000000eb300000,0x00000000eb800000)
 ParOldGen       total 96256K, used 89453K [0x00000000c0000000, 0x00000000c5e00000, 0x00000000eab00000)
  object space 96256K, 92% used [0x00000000c0000000,0x00000000c575b588,0x00000000c5e00000)
 Metaspace       used 75892K, committed 77056K, reserved 1179648K
  class space    used 8401K, committed 8960K, reserved 1048576K
}
Event: 84.857 GC heap before
{Heap before GC invocations=121 (full 5):
 PSYoungGen      total 5120K, used 5102K [0x00000000eab00000, 0x00000000eb800000, 0x0000000100000000)
  eden space 3072K, 100% used [0x00000000eab00000,0x00000000eae00000,0x00000000eae00000)
  from space 2048K, 99% used [0x00000000eae00000,0x00000000eaffba70,0x00000000eb000000)
  to   space 5120K, 0% used [0x00000000eb300000,0x00000000eb300000,0x00000000eb800000)
 ParOldGen       total 96256K, used 89453K [0x00000000c0000000, 0x00000000c5e00000, 0x00000000eab00000)
  object space 96256K, 92% used [0x00000000c0000000,0x00000000c575b588,0x00000000c5e00000)
 Metaspace       used 75897K, committed 77056K, reserved 1179648K
  class space    used 8401K, committed 8960K, reserved 1048576K
}
Event: 84.861 GC heap after
{Heap after GC invocations=121 (full 5):
 PSYoungGen      total 6144K, used 2944K [0x00000000eab00000, 0x00000000eb600000, 0x0000000100000000)
  eden space 3072K, 0% used [0x00000000eab00000,0x00000000eab00000,0x00000000eae00000)
  from space 3072K, 95% used [0x00000000eb300000,0x00000000eb5e0000,0x00000000eb600000)
  to   space 3584K, 0% used [0x00000000eaf00000,0x00000000eaf00000,0x00000000eb280000)
 ParOldGen       total 96256K, used 91458K [0x00000000c0000000, 0x00000000c5e00000, 0x00000000eab00000)
  object space 96256K, 95% used [0x00000000c0000000,0x00000000c59508e8,0x00000000c5e00000)
 Metaspace       used 75897K, committed 77056K, reserved 1179648K
  class space    used 8401K, committed 8960K, reserved 1048576K
}
Event: 84.872 GC heap before
{Heap before GC invocations=122 (full 5):
 PSYoungGen      total 6144K, used 6016K [0x00000000eab00000, 0x00000000eb600000, 0x0000000100000000)
  eden space 3072K, 100% used [0x00000000eab00000,0x00000000eae00000,0x00000000eae00000)
  from space 3072K, 95% used [0x00000000eb300000,0x00000000eb5e0000,0x00000000eb600000)
  to   space 3584K, 0% used [0x00000000eaf00000,0x00000000eaf00000,0x00000000eb280000)
 ParOldGen       total 96256K, used 91458K [0x00000000c0000000, 0x00000000c5e00000, 0x00000000eab00000)
  object space 96256K, 95% used [0x00000000c0000000,0x00000000c59508e8,0x00000000c5e00000)
 Metaspace       used 75897K, committed 77056K, reserved 1179648K
  class space    used 8401K, committed 8960K, reserved 1048576K
}
Event: 84.877 GC heap after
{Heap after GC invocations=122 (full 5):
 PSYoungGen      total 7168K, used 2905K [0x00000000eab00000, 0x00000000eb500000, 0x0000000100000000)
  eden space 4096K, 0% used [0x00000000eab00000,0x00000000eab00000,0x00000000eaf00000)
  from space 3072K, 94% used [0x00000000eaf00000,0x00000000eb1d66b8,0x00000000eb200000)
  to   space 3072K, 0% used [0x00000000eb200000,0x00000000eb200000,0x00000000eb500000)
 ParOldGen       total 96256K, used 94354K [0x00000000c0000000, 0x00000000c5e00000, 0x00000000eab00000)
  object space 96256K, 98% used [0x00000000c0000000,0x00000000c5c248e8,0x00000000c5e00000)
 Metaspace       used 75897K, committed 77056K, reserved 1179648K
  class space    used 8401K, committed 8960K, reserved 1048576K
}
Event: 84.877 GC heap before
{Heap before GC invocations=123 (full 6):
 PSYoungGen      total 7168K, used 2905K [0x00000000eab00000, 0x00000000eb500000, 0x0000000100000000)
  eden space 4096K, 0% used [0x00000000eab00000,0x00000000eab00000,0x00000000eaf00000)
  from space 3072K, 94% used [0x00000000eaf00000,0x00000000eb1d66b8,0x00000000eb200000)
  to   space 3072K, 0% used [0x00000000eb200000,0x00000000eb200000,0x00000000eb500000)
 ParOldGen       total 96256K, used 94354K [0x00000000c0000000, 0x00000000c5e00000, 0x00000000eab00000)
  object space 96256K, 98% used [0x00000000c0000000,0x00000000c5c248e8,0x00000000c5e00000)
 Metaspace       used 75897K, committed 77056K, reserved 1179648K
  class space    used 8401K, committed 8960K, reserved 1048576K
}
Event: 84.989 GC heap after
{Heap after GC invocations=123 (full 6):
 PSYoungGen      total 7168K, used 0K [0x00000000eab00000, 0x00000000eb600000, 0x0000000100000000)
  eden space 4096K, 0% used [0x00000000eab00000,0x00000000eab00000,0x00000000eaf00000)
  from space 3072K, 0% used [0x00000000eb200000,0x00000000eb200000,0x00000000eb500000)
  to   space 3072K, 0% used [0x00000000eaf00000,0x00000000eaf00000,0x00000000eb200000)
 ParOldGen       total 117760K, used 88301K [0x00000000c0000000, 0x00000000c7300000, 0x00000000eab00000)
  object space 117760K, 74% used [0x00000000c0000000,0x00000000c563b6b8,0x00000000c7300000)
 Metaspace       used 75897K, committed 77056K, reserved 1179648K
  class space    used 8401K, committed 8960K, reserved 1048576K
}
Event: 85.009 GC heap before
{Heap before GC invocations=124 (full 6):
 PSYoungGen      total 7168K, used 4096K [0x00000000eab00000, 0x00000000eb600000, 0x0000000100000000)
  eden space 4096K, 100% used [0x00000000eab00000,0x00000000eaf00000,0x00000000eaf00000)
  from space 3072K, 0% used [0x00000000eb200000,0x00000000eb200000,0x00000000eb500000)
  to   space 3072K, 0% used [0x00000000eaf00000,0x00000000eaf00000,0x00000000eb200000)
 ParOldGen       total 117760K, used 88301K [0x00000000c0000000, 0x00000000c7300000, 0x00000000eab00000)
  object space 117760K, 74% used [0x00000000c0000000,0x00000000c563b6b8,0x00000000c7300000)
 Metaspace       used 75897K, committed 77056K, reserved 1179648K
  class space    used 8401K, committed 8960K, reserved 1048576K
}
Event: 85.014 GC heap after
{Heap after GC invocations=124 (full 6):
 PSYoungGen      total 7168K, used 3072K [0x00000000eab00000, 0x00000000eb800000, 0x0000000100000000)
  eden space 4096K, 0% used [0x00000000eab00000,0x00000000eab00000,0x00000000eaf00000)
  from space 3072K, 100% used [0x00000000eaf00000,0x00000000eb200000,0x00000000eb200000)
  to   space 4608K, 0% used [0x00000000eb380000,0x00000000eb380000,0x00000000eb800000)
 ParOldGen       total 117760K, used 89181K [0x00000000c0000000, 0x00000000c7300000, 0x00000000eab00000)
  object space 117760K, 75% used [0x00000000c0000000,0x00000000c57176b8,0x00000000c7300000)
 Metaspace       used 75897K, committed 77056K, reserved 1179648K
  class space    used 8401K, committed 8960K, reserved 1048576K
}
Event: 86.137 GC heap before
{Heap before GC invocations=125 (full 6):
 PSYoungGen      total 7168K, used 7168K [0x00000000eab00000, 0x00000000eb800000, 0x0000000100000000)
  eden space 4096K, 100% used [0x00000000eab00000,0x00000000eaf00000,0x00000000eaf00000)
  from space 3072K, 100% used [0x00000000eaf00000,0x00000000eb200000,0x00000000eb200000)
  to   space 4608K, 0% used [0x00000000eb380000,0x00000000eb380000,0x00000000eb800000)
 ParOldGen       total 117760K, used 89181K [0x00000000c0000000, 0x00000000c7300000, 0x00000000eab00000)
  object space 117760K, 75% used [0x00000000c0000000,0x00000000c57176b8,0x00000000c7300000)
 Metaspace       used 75931K, committed 77120K, reserved 1179648K
  class space    used 8406K, committed 8960K, reserved 1048576K
}
Event: 86.141 GC heap after
{Heap after GC invocations=125 (full 6):
 PSYoungGen      total 6656K, used 2368K [0x00000000eab00000, 0x00000000eb600000, 0x0000000100000000)
  eden space 4096K, 0% used [0x00000000eab00000,0x00000000eab00000,0x00000000eaf00000)
  from space 2560K, 92% used [0x00000000eb380000,0x00000000eb5d0000,0x00000000eb600000)
  to   space 3072K, 0% used [0x00000000eb000000,0x00000000eb000000,0x00000000eb300000)
 ParOldGen       total 117760K, used 92309K [0x00000000c0000000, 0x00000000c7300000, 0x00000000eab00000)
  object space 117760K, 78% used [0x00000000c0000000,0x00000000c5a256b8,0x00000000c7300000)
 Metaspace       used 75931K, committed 77120K, reserved 1179648K
  class space    used 8406K, committed 8960K, reserved 1048576K
}
Event: 86.936 GC heap before
{Heap before GC invocations=126 (full 6):
 PSYoungGen      total 6656K, used 6464K [0x00000000eab00000, 0x00000000eb600000, 0x0000000100000000)
  eden space 4096K, 100% used [0x00000000eab00000,0x00000000eaf00000,0x00000000eaf00000)
  from space 2560K, 92% used [0x00000000eb380000,0x00000000eb5d0000,0x00000000eb600000)
  to   space 3072K, 0% used [0x00000000eb000000,0x00000000eb000000,0x00000000eb300000)
 ParOldGen       total 117760K, used 92309K [0x00000000c0000000, 0x00000000c7300000, 0x00000000eab00000)
  object space 117760K, 78% used [0x00000000c0000000,0x00000000c5a256b8,0x00000000c7300000)
 Metaspace       used 76089K, committed 77312K, reserved 1179648K
  class space    used 8420K, committed 8960K, reserved 1048576K
}
Event: 86.939 GC heap after
{Heap after GC invocations=126 (full 6):
 PSYoungGen      total 4608K, used 160K [0x00000000eab00000, 0x00000000eb400000, 0x0000000100000000)
  eden space 4096K, 0% used [0x00000000eab00000,0x00000000eab00000,0x00000000eaf00000)
  from space 512K, 31% used [0x00000000eb000000,0x00000000eb028000,0x00000000eb080000)
  to   space 1536K, 0% used [0x00000000eb280000,0x00000000eb280000,0x00000000eb400000)
 ParOldGen       total 117760K, used 94573K [0x00000000c0000000, 0x00000000c7300000, 0x00000000eab00000)
  object space 117760K, 80% used [0x00000000c0000000,0x00000000c5c5b6b8,0x00000000c7300000)
 Metaspace       used 76089K, committed 77312K, reserved 1179648K
  class space    used 8420K, committed 8960K, reserved 1048576K
}
Event: 97.550 GC heap before
{Heap before GC invocations=127 (full 6):
 PSYoungGen      total 4608K, used 4206K [0x00000000eab00000, 0x00000000eb400000, 0x0000000100000000)
  eden space 4096K, 98% used [0x00000000eab00000,0x00000000eaef3bd8,0x00000000eaf00000)
  from space 512K, 31% used [0x00000000eb000000,0x00000000eb028000,0x00000000eb080000)
  to   space 1536K, 0% used [0x00000000eb280000,0x00000000eb280000,0x00000000eb400000)
 ParOldGen       total 117760K, used 94573K [0x00000000c0000000, 0x00000000c7300000, 0x00000000eab00000)
  object space 117760K, 80% used [0x00000000c0000000,0x00000000c5c5b6b8,0x00000000c7300000)
 Metaspace       used 76381K, committed 77632K, reserved 1179648K
  class space    used 8445K, committed 9024K, reserved 1048576K
}
Event: 97.551 GC heap after
{Heap after GC invocations=127 (full 6):
 PSYoungGen      total 4608K, used 288K [0x00000000eab00000, 0x00000000eb300000, 0x0000000100000000)
  eden space 4096K, 0% used [0x00000000eab00000,0x00000000eab00000,0x00000000eaf00000)
  from space 512K, 56% used [0x00000000eb280000,0x00000000eb2c8020,0x00000000eb300000)
  to   space 512K, 0% used [0x00000000eb000000,0x00000000eb000000,0x00000000eb080000)
 ParOldGen       total 117760K, used 94621K [0x00000000c0000000, 0x00000000c7300000, 0x00000000eab00000)
  object space 117760K, 80% used [0x00000000c0000000,0x00000000c5c676b8,0x00000000c7300000)
 Metaspace       used 76381K, committed 77632K, reserved 1179648K
  class space    used 8445K, committed 9024K, reserved 1048576K
}
Event: 104.111 GC heap before
{Heap before GC invocations=128 (full 6):
 PSYoungGen      total 4608K, used 4383K [0x00000000eab00000, 0x00000000eb300000, 0x0000000100000000)
  eden space 4096K, 99% used [0x00000000eab00000,0x00000000eaefffc0,0x00000000eaf00000)
  from space 512K, 56% used [0x00000000eb280000,0x00000000eb2c8020,0x00000000eb300000)
  to   space 512K, 0% used [0x00000000eb000000,0x00000000eb000000,0x00000000eb080000)
 ParOldGen       total 117760K, used 94621K [0x00000000c0000000, 0x00000000c7300000, 0x00000000eab00000)
  object space 117760K, 80% used [0x00000000c0000000,0x00000000c5c676b8,0x00000000c7300000)
 Metaspace       used 76543K, committed 77760K, reserved 1179648K
  class space    used 8460K, committed 9024K, reserved 1048576K
}
Event: 104.112 GC heap after
{Heap after GC invocations=128 (full 6):
 PSYoungGen      total 4608K, used 224K [0x00000000eab00000, 0x00000000eb300000, 0x0000000100000000)
  eden space 4096K, 0% used [0x00000000eab00000,0x00000000eab00000,0x00000000eaf00000)
  from space 512K, 43% used [0x00000000eb000000,0x00000000eb038000,0x00000000eb080000)
  to   space 512K, 0% used [0x00000000eb280000,0x00000000eb280000,0x00000000eb300000)
 ParOldGen       total 117760K, used 94741K [0x00000000c0000000, 0x00000000c7300000, 0x00000000eab00000)
  object space 117760K, 80% used [0x00000000c0000000,0x00000000c5c856d8,0x00000000c7300000)
 Metaspace       used 76543K, committed 77760K, reserved 1179648K
  class space    used 8460K, committed 9024K, reserved 1048576K
}
Event: 105.204 GC heap before
{Heap before GC invocations=129 (full 6):
 PSYoungGen      total 4608K, used 4314K [0x00000000eab00000, 0x00000000eb300000, 0x0000000100000000)
  eden space 4096K, 99% used [0x00000000eab00000,0x00000000eaefe880,0x00000000eaf00000)
  from space 512K, 43% used [0x00000000eb000000,0x00000000eb038000,0x00000000eb080000)
  to   space 512K, 0% used [0x00000000eb280000,0x00000000eb280000,0x00000000eb300000)
 ParOldGen       total 117760K, used 94741K [0x00000000c0000000, 0x00000000c7300000, 0x00000000eab00000)
  object space 117760K, 80% used [0x00000000c0000000,0x00000000c5c856d8,0x00000000c7300000)
 Metaspace       used 76658K, committed 77888K, reserved 1179648K
  class space    used 8462K, committed 9024K, reserved 1048576K
}
Event: 105.205 GC heap after
{Heap after GC invocations=129 (full 6):
 PSYoungGen      total 4608K, used 320K [0x00000000eab00000, 0x00000000eb300000, 0x0000000100000000)
  eden space 4096K, 0% used [0x00000000eab00000,0x00000000eab00000,0x00000000eaf00000)
  from space 512K, 62% used [0x00000000eb280000,0x00000000eb2d0000,0x00000000eb300000)
  to   space 512K, 0% used [0x00000000eb000000,0x00000000eb000000,0x00000000eb080000)
 ParOldGen       total 117760K, used 94797K [0x00000000c0000000, 0x00000000c7300000, 0x00000000eab00000)
  object space 117760K, 80% used [0x00000000c0000000,0x00000000c5c936d8,0x00000000c7300000)
 Metaspace       used 76658K, committed 77888K, reserved 1179648K
  class space    used 8462K, committed 9024K, reserved 1048576K
}

