# JRE version: OpenJDK Runtime Environment Temurin-17.0.10+7 (17.0.10+7) (build 17.0.10+7)
# Java VM: OpenJDK 64-Bit Server VM Temurin-17.0.10+7 (17.0.10+7, mixed mode, tiered, compressed oops, compressed class ptrs, parallel gc, windows-amd64)
GC Precious Log:
 CPUs: 8 total, 8 available
 Memory: 16275M
 Large Page Support: Disabled
 NUMA Support: Disabled
 Compressed Oops: Enabled (32-bit)
 Alignments: Space 512K, Generation 512K, Heap 2M
 Heap Min Capacity: 100M
 Heap Initial Capacity: 100M
 Heap Max Capacity: 1G
 Pre-touch: Disabled
 Parallel Workers: 8
Heap:
 PSYoungGen      total 13312K, used 7304K [0x00000000eab00000, 0x00000000eba00000, 0x0000000100000000)
  eden space 12800K, 55% used [0x00000000eab00000,0x00000000eb1ea240,0x00000000eb780000)
  from space 512K, 43% used [0x00000000eb980000,0x00000000eb9b8000,0x00000000eba00000)
  to   space 512K, 0% used [0x00000000eb900000,0x00000000eb900000,0x00000000eb980000)
 ParOldGen       total 82432K, used 60891K [0x00000000c0000000, 0x00000000c5080000, 0x00000000eab00000)
  object space 82432K, 73% used [0x00000000c0000000,0x00000000c3b76fd0,0x00000000c5080000)
 Metaspace       used 70857K, committed 72000K, reserved 1114112K
  class space    used 8526K, committed 9024K, reserved 1048576K
GC Heap History (20 events):
Event: 94.237 GC heap before
{Heap before GC invocations=138 (full 4):
 PSYoungGen      total 13312K, used 13280K [0x00000000eab00000, 0x00000000eba80000, 0x0000000100000000)
  eden space 12800K, 100% used [0x00000000eab00000,0x00000000eb780000,0x00000000eb780000)
  from space 512K, 93% used [0x00000000eba00000,0x00000000eba78030,0x00000000eba80000)
  to   space 1024K, 0% used [0x00000000eb880000,0x00000000eb880000,0x00000000eb980000)
 ParOldGen       total 82432K, used 59843K [0x00000000c0000000, 0x00000000c5080000, 0x00000000eab00000)
  object space 82432K, 72% used [0x00000000c0000000,0x00000000c3a70f60,0x00000000c5080000)
 Metaspace       used 70748K, committed 71936K, reserved 1114112K
  class space    used 8507K, committed 9024K, reserved 1048576K
}
Event: 94.238 GC heap after
{Heap after GC invocations=138 (full 4):
 PSYoungGen      total 13824K, used 864K [0x00000000eab00000, 0x00000000eba80000, 0x0000000100000000)
  eden space 12800K, 0% used [0x00000000eab00000,0x00000000eab00000,0x00000000eb780000)
  from space 1024K, 84% used [0x00000000eb880000,0x00000000eb958000,0x00000000eb980000)
  to   space 1024K, 0% used [0x00000000eb980000,0x00000000eb980000,0x00000000eba80000)
 ParOldGen       total 82432K, used 59899K [0x00000000c0000000, 0x00000000c5080000, 0x00000000eab00000)
  object space 82432K, 72% used [0x00000000c0000000,0x00000000c3a7ef60,0x00000000c5080000)
 Metaspace       used 70748K, committed 71936K, reserved 1114112K
  class space    used 8507K, committed 9024K, reserved 1048576K
}
Event: 94.715 GC heap before
{Heap before GC invocations=139 (full 4):
 PSYoungGen      total 13824K, used 13664K [0x00000000eab00000, 0x00000000eba80000, 0x0000000100000000)
  eden space 12800K, 100% used [0x00000000eab00000,0x00000000eb780000,0x00000000eb780000)
  from space 1024K, 84% used [0x00000000eb880000,0x00000000eb958000,0x00000000eb980000)
  to   space 1024K, 0% used [0x00000000eb980000,0x00000000eb980000,0x00000000eba80000)
 ParOldGen       total 82432K, used 59899K [0x00000000c0000000, 0x00000000c5080000, 0x00000000eab00000)
  object space 82432K, 72% used [0x00000000c0000000,0x00000000c3a7ef60,0x00000000c5080000)
 Metaspace       used 70752K, committed 71936K, reserved 1114112K
  class space    used 8507K, committed 9024K, reserved 1048576K
}
Event: 94.716 GC heap after
{Heap after GC invocations=139 (full 4):
 PSYoungGen      total 13312K, used 160K [0x00000000eab00000, 0x00000000eba00000, 0x0000000100000000)
  eden space 12800K, 0% used [0x00000000eab00000,0x00000000eab00000,0x00000000eb780000)
  from space 512K, 31% used [0x00000000eb980000,0x00000000eb9a8000,0x00000000eba00000)
  to   space 512K, 0% used [0x00000000eb900000,0x00000000eb900000,0x00000000eb980000)
 ParOldGen       total 82432K, used 60651K [0x00000000c0000000, 0x00000000c5080000, 0x00000000eab00000)
  object space 82432K, 73% used [0x00000000c0000000,0x00000000c3b3afc0,0x00000000c5080000)
 Metaspace       used 70752K, committed 71936K, reserved 1114112K
  class space    used 8507K, committed 9024K, reserved 1048576K
}
Event: 104.071 GC heap before
{Heap before GC invocations=140 (full 4):
 PSYoungGen      total 13312K, used 12960K [0x00000000eab00000, 0x00000000eba00000, 0x0000000100000000)
  eden space 12800K, 100% used [0x00000000eab00000,0x00000000eb780000,0x00000000eb780000)
  from space 512K, 31% used [0x00000000eb980000,0x00000000eb9a8000,0x00000000eba00000)
  to   space 512K, 0% used [0x00000000eb900000,0x00000000eb900000,0x00000000eb980000)
 ParOldGen       total 82432K, used 60651K [0x00000000c0000000, 0x00000000c5080000, 0x00000000eab00000)
  object space 82432K, 73% used [0x00000000c0000000,0x00000000c3b3afc0,0x00000000c5080000)
 Metaspace       used 70754K, committed 71936K, reserved 1114112K
  class space    used 8507K, committed 9024K, reserved 1048576K
}
Event: 104.072 GC heap after
{Heap after GC invocations=140 (full 4):
 PSYoungGen      total 13312K, used 224K [0x00000000eab00000, 0x00000000eba00000, 0x0000000100000000)
  eden space 12800K, 0% used [0x00000000eab00000,0x00000000eab00000,0x00000000eb780000)
  from space 512K, 43% used [0x00000000eb900000,0x00000000eb938000,0x00000000eb980000)
  to   space 512K, 0% used [0x00000000eb980000,0x00000000eb980000,0x00000000eba00000)
 ParOldGen       total 82432K, used 60691K [0x00000000c0000000, 0x00000000c5080000, 0x00000000eab00000)
  object space 82432K, 73% used [0x00000000c0000000,0x00000000c3b44fc0,0x00000000c5080000)
 Metaspace       used 70754K, committed 71936K, reserved 1114112K
  class space    used 8507K, committed 9024K, reserved 1048576K
}
Event: 104.244 GC heap before
{Heap before GC invocations=141 (full 4):
 PSYoungGen      total 13312K, used 13024K [0x00000000eab00000, 0x00000000eba00000, 0x0000000100000000)
  eden space 12800K, 100% used [0x00000000eab00000,0x00000000eb780000,0x00000000eb780000)
  from space 512K, 43% used [0x00000000eb900000,0x00000000eb938000,0x00000000eb980000)
  to   space 512K, 0% used [0x00000000eb980000,0x00000000eb980000,0x00000000eba00000)
 ParOldGen       total 82432K, used 60691K [0x00000000c0000000, 0x00000000c5080000, 0x00000000eab00000)
  object space 82432K, 73% used [0x00000000c0000000,0x00000000c3b44fc0,0x00000000c5080000)
 Metaspace       used 70754K, committed 71936K, reserved 1114112K
  class space    used 8507K, committed 9024K, reserved 1048576K
}
Event: 104.245 GC heap after
{Heap after GC invocations=141 (full 4):
 PSYoungGen      total 13312K, used 192K [0x00000000eab00000, 0x00000000eba00000, 0x0000000100000000)
  eden space 12800K, 0% used [0x00000000eab00000,0x00000000eab00000,0x00000000eb780000)
  from space 512K, 37% used [0x00000000eb980000,0x00000000eb9b0000,0x00000000eba00000)
  to   space 512K, 0% used [0x00000000eb900000,0x00000000eb900000,0x00000000eb980000)
 ParOldGen       total 82432K, used 60731K [0x00000000c0000000, 0x00000000c5080000, 0x00000000eab00000)
  object space 82432K, 73% used [0x00000000c0000000,0x00000000c3b4efc0,0x00000000c5080000)
 Metaspace       used 70754K, committed 71936K, reserved 1114112K
  class space    used 8507K, committed 9024K, reserved 1048576K
}
Event: 104.412 GC heap before
{Heap before GC invocations=142 (full 4):
 PSYoungGen      total 13312K, used 12992K [0x00000000eab00000, 0x00000000eba00000, 0x0000000100000000)
  eden space 12800K, 100% used [0x00000000eab00000,0x00000000eb780000,0x00000000eb780000)
  from space 512K, 37% used [0x00000000eb980000,0x00000000eb9b0000,0x00000000eba00000)
  to   space 512K, 0% used [0x00000000eb900000,0x00000000eb900000,0x00000000eb980000)
 ParOldGen       total 82432K, used 60731K [0x00000000c0000000, 0x00000000c5080000, 0x00000000eab00000)
  object space 82432K, 73% used [0x00000000c0000000,0x00000000c3b4efc0,0x00000000c5080000)
 Metaspace       used 70755K, committed 71936K, reserved 1114112K
  class space    used 8507K, committed 9024K, reserved 1048576K
}
Event: 104.413 GC heap after
{Heap after GC invocations=142 (full 4):
 PSYoungGen      total 13312K, used 192K [0x00000000eab00000, 0x00000000eba00000, 0x0000000100000000)
  eden space 12800K, 0% used [0x00000000eab00000,0x00000000eab00000,0x00000000eb780000)
  from space 512K, 37% used [0x00000000eb900000,0x00000000eb930000,0x00000000eb980000)
  to   space 512K, 0% used [0x00000000eb980000,0x00000000eb980000,0x00000000eba00000)
 ParOldGen       total 82432K, used 60771K [0x00000000c0000000, 0x00000000c5080000, 0x00000000eab00000)
  object space 82432K, 73% used [0x00000000c0000000,0x00000000c3b58fc0,0x00000000c5080000)
 Metaspace       used 70755K, committed 71936K, reserved 1114112K
  class space    used 8507K, committed 9024K, reserved 1048576K
}
Event: 104.666 GC heap before
{Heap before GC invocations=143 (full 4):
 PSYoungGen      total 13312K, used 12992K [0x00000000eab00000, 0x00000000eba00000, 0x0000000100000000)
  eden space 12800K, 100% used [0x00000000eab00000,0x00000000eb780000,0x00000000eb780000)
  from space 512K, 37% used [0x00000000eb900000,0x00000000eb930000,0x00000000eb980000)
  to   space 512K, 0% used [0x00000000eb980000,0x00000000eb980000,0x00000000eba00000)
 ParOldGen       total 82432K, used 60771K [0x00000000c0000000, 0x00000000c5080000, 0x00000000eab00000)
  object space 82432K, 73% used [0x00000000c0000000,0x00000000c3b58fc0,0x00000000c5080000)
 Metaspace       used 70756K, committed 71936K, reserved 1114112K
  class space    used 8507K, committed 9024K, reserved 1048576K
}
Event: 104.667 GC heap after
{Heap after GC invocations=143 (full 4):
 PSYoungGen      total 13312K, used 160K [0x00000000eab00000, 0x00000000eba00000, 0x0000000100000000)
  eden space 12800K, 0% used [0x00000000eab00000,0x00000000eab00000,0x00000000eb780000)
  from space 512K, 31% used [0x00000000eb980000,0x00000000eb9a8000,0x00000000eba00000)
  to   space 512K, 0% used [0x00000000eb900000,0x00000000eb900000,0x00000000eb980000)
 ParOldGen       total 82432K, used 60779K [0x00000000c0000000, 0x00000000c5080000, 0x00000000eab00000)
  object space 82432K, 73% used [0x00000000c0000000,0x00000000c3b5afc0,0x00000000c5080000)
 Metaspace       used 70756K, committed 71936K, reserved 1114112K
  class space    used 8507K, committed 9024K, reserved 1048576K
}
Event: 105.071 GC heap before
{Heap before GC invocations=144 (full 4):
 PSYoungGen      total 13312K, used 12960K [0x00000000eab00000, 0x00000000eba00000, 0x0000000100000000)
  eden space 12800K, 100% used [0x00000000eab00000,0x00000000eb780000,0x00000000eb780000)
  from space 512K, 31% used [0x00000000eb980000,0x00000000eb9a8000,0x00000000eba00000)
  to   space 512K, 0% used [0x00000000eb900000,0x00000000eb900000,0x00000000eb980000)
 ParOldGen       total 82432K, used 60779K [0x00000000c0000000, 0x00000000c5080000, 0x00000000eab00000)
  object space 82432K, 73% used [0x00000000c0000000,0x00000000c3b5afc0,0x00000000c5080000)
 Metaspace       used 70756K, committed 71936K, reserved 1114112K
  class space    used 8507K, committed 9024K, reserved 1048576K
}
Event: 105.072 GC heap after
{Heap after GC invocations=144 (full 4):
 PSYoungGen      total 13312K, used 160K [0x00000000eab00000, 0x00000000eba00000, 0x0000000100000000)
  eden space 12800K, 0% used [0x00000000eab00000,0x00000000eab00000,0x00000000eb780000)
  from space 512K, 31% used [0x00000000eb900000,0x00000000eb928000,0x00000000eb980000)
  to   space 512K, 0% used [0x00000000eb980000,0x00000000eb980000,0x00000000eba00000)
 ParOldGen       total 82432K, used 60827K [0x00000000c0000000, 0x00000000c5080000, 0x00000000eab00000)
  object space 82432K, 73% used [0x00000000c0000000,0x00000000c3b66fd0,0x00000000c5080000)
 Metaspace       used 70756K, committed 71936K, reserved 1114112K
  class space    used 8507K, committed 9024K, reserved 1048576K
}
Event: 105.255 GC heap before
{Heap before GC invocations=145 (full 4):
 PSYoungGen      total 13312K, used 12960K [0x00000000eab00000, 0x00000000eba00000, 0x0000000100000000)
  eden space 12800K, 100% used [0x00000000eab00000,0x00000000eb780000,0x00000000eb780000)
  from space 512K, 31% used [0x00000000eb900000,0x00000000eb928000,0x00000000eb980000)
  to   space 512K, 0% used [0x00000000eb980000,0x00000000eb980000,0x00000000eba00000)
 ParOldGen       total 82432K, used 60827K [0x00000000c0000000, 0x00000000c5080000, 0x00000000eab00000)
  object space 82432K, 73% used [0x00000000c0000000,0x00000000c3b66fd0,0x00000000c5080000)
 Metaspace       used 70756K, committed 71936K, reserved 1114112K
  class space    used 8507K, committed 9024K, reserved 1048576K
}
Event: 105.256 GC heap after
{Heap after GC invocations=145 (full 4):
 PSYoungGen      total 13312K, used 256K [0x00000000eab00000, 0x00000000eba00000, 0x0000000100000000)
  eden space 12800K, 0% used [0x00000000eab00000,0x00000000eab00000,0x00000000eb780000)
  from space 512K, 50% used [0x00000000eb980000,0x00000000eb9c0000,0x00000000eba00000)
  to   space 512K, 0% used [0x00000000eb900000,0x00000000eb900000,0x00000000eb980000)
 ParOldGen       total 82432K, used 60835K [0x00000000c0000000, 0x00000000c5080000, 0x00000000eab00000)
  object space 82432K, 73% used [0x00000000c0000000,0x00000000c3b68fd0,0x00000000c5080000)
 Metaspace       used 70756K, committed 71936K, reserved 1114112K
  class space    used 8507K, committed 9024K, reserved 1048576K
}
Event: 105.403 GC heap before
{Heap before GC invocations=146 (full 4):
 PSYoungGen      total 13312K, used 13056K [0x00000000eab00000, 0x00000000eba00000, 0x0000000100000000)
  eden space 12800K, 100% used [0x00000000eab00000,0x00000000eb780000,0x00000000eb780000)
  from space 512K, 50% used [0x00000000eb980000,0x00000000eb9c0000,0x00000000eba00000)
  to   space 512K, 0% used [0x00000000eb900000,0x00000000eb900000,0x00000000eb980000)
 ParOldGen       total 82432K, used 60835K [0x00000000c0000000, 0x00000000c5080000, 0x00000000eab00000)
  object space 82432K, 73% used [0x00000000c0000000,0x00000000c3b68fd0,0x00000000c5080000)
 Metaspace       used 70758K, committed 71936K, reserved 1114112K
  class space    used 8507K, committed 9024K, reserved 1048576K
}
Event: 105.404 GC heap after
{Heap after GC invocations=146 (full 4):
 PSYoungGen      total 13312K, used 192K [0x00000000eab00000, 0x00000000eba00000, 0x0000000100000000)
  eden space 12800K, 0% used [0x00000000eab00000,0x00000000eab00000,0x00000000eb780000)
  from space 512K, 37% used [0x00000000eb900000,0x00000000eb930000,0x00000000eb980000)
  to   space 512K, 0% used [0x00000000eb980000,0x00000000eb980000,0x00000000eba00000)
 ParOldGen       total 82432K, used 60867K [0x00000000c0000000, 0x00000000c5080000, 0x00000000eab00000)
  object space 82432K, 73% used [0x00000000c0000000,0x00000000c3b70fd0,0x00000000c5080000)
 Metaspace       used 70758K, committed 71936K, reserved 1114112K
  class space    used 8507K, committed 9024K, reserved 1048576K
}
Event: 105.791 GC heap before
{Heap before GC invocations=147 (full 4):
 PSYoungGen      total 13312K, used 12992K [0x00000000eab00000, 0x00000000eba00000, 0x0000000100000000)
  eden space 12800K, 100% used [0x00000000eab00000,0x00000000eb780000,0x00000000eb780000)
  from space 512K, 37% used [0x00000000eb900000,0x00000000eb930000,0x00000000eb980000)
  to   space 512K, 0% used [0x00000000eb980000,0x00000000eb980000,0x00000000eba00000)
 ParOldGen       total 82432K, used 60867K [0x00000000c0000000, 0x00000000c5080000, 0x00000000eab00000)
  object space 82432K, 73% used [0x00000000c0000000,0x00000000c3b70fd0,0x00000000c5080000)
 Metaspace       used 70758K, committed 71936K, reserved 1114112K
  class space    used 8507K, committed 9024K, reserved 1048576K
}
Event: 105.792 GC heap after
{Heap after GC invocations=147 (full 4):
 PSYoungGen      total 13312K, used 224K [0x00000000eab00000, 0x00000000eba00000, 0x0000000100000000)
  eden space 12800K, 0% used [0x00000000eab00000,0x00000000eab00000,0x00000000eb780000)
  from space 512K, 43% used [0x00000000eb980000,0x00000000eb9b8000,0x00000000eba00000)
  to   space 512K, 0% used [0x00000000eb900000,0x00000000eb900000,0x00000000eb980000)
 ParOldGen       total 82432K, used 60891K [0x00000000c0000000, 0x00000000c5080000, 0x00000000eab00000)
  object space 82432K, 73% used [0x00000000c0000000,0x00000000c3b76fd0,0x00000000c5080000)
 Metaspace       used 70758K, committed 71936K, reserved 1114112K
  class space    used 8507K, committed 9024K, reserved 1048576K
}

