# JRE version: OpenJDK Runtime Environment Temurin-17.0.10+7 (17.0.10+7) (build 17.0.10+7)
# Java VM: OpenJDK 64-Bit Server VM Temurin-17.0.10+7 (17.0.10+7, mixed mode, tiered, compressed oops, compressed class ptrs, parallel gc, windows-amd64)
GC Precious Log:
 CPUs: 8 total, 8 available
 Memory: 16275M
 Large Page Support: Disabled
 NUMA Support: Disabled
 Compressed Oops: Enabled (32-bit)
 Alignments: Space 512K, Generation 512K, Heap 2M
 Heap Min Capacity: 100M
 Heap Initial Capacity: 100M
 Heap Max Capacity: 1G
 Pre-touch: Disabled
 Parallel Workers: 8
Heap:
 PSYoungGen      total 15360K, used 15156K [0x00000000eab00000, 0x00000000ebb80000, 0x0000000100000000)
  eden space 14848K, 98% used [0x00000000eab00000,0x00000000eb94d2a8,0x00000000eb980000)
  from space 512K, 100% used [0x00000000ebb00000,0x00000000ebb80000,0x00000000ebb80000)
  to   space 1024K, 0% used [0x00000000eb980000,0x00000000eb980000,0x00000000eba80000)
 ParOldGen       total 68608K, used 66465K [0x00000000c0000000, 0x00000000c4300000, 0x00000000eab00000)
  object space 68608K, 96% used [0x00000000c0000000,0x00000000c40e8698,0x00000000c4300000)
 Metaspace       used 76151K, committed 77376K, reserved 1179648K
  class space    used 9163K, committed 9728K, reserved 1048576K
GC Heap History (20 events):
Event: 216.488 GC heap before
{Heap before GC invocations=92 (full 3):
 PSYoungGen      total 15360K, used 15008K [0x00000000eab00000, 0x00000000ebb80000, 0x0000000100000000)
  eden space 14848K, 100% used [0x00000000eab00000,0x00000000eb980000,0x00000000eb980000)
  from space 512K, 31% used [0x00000000ebb00000,0x00000000ebb28000,0x00000000ebb80000)
  to   space 512K, 0% used [0x00000000eb980000,0x00000000eb980000,0x00000000eba00000)
 ParOldGen       total 68608K, used 66041K [0x00000000c0000000, 0x00000000c4300000, 0x00000000eab00000)
  object space 68608K, 96% used [0x00000000c0000000,0x00000000c407e688,0x00000000c4300000)
 Metaspace       used 75508K, committed 76736K, reserved 1179648K
  class space    used 9090K, committed 9664K, reserved 1048576K
}
Event: 216.489 GC heap after
{Heap after GC invocations=92 (full 3):
 PSYoungGen      total 15360K, used 192K [0x00000000eab00000, 0x00000000ebb80000, 0x0000000100000000)
  eden space 14848K, 0% used [0x00000000eab00000,0x00000000eab00000,0x00000000eb980000)
  from space 512K, 37% used [0x00000000eb980000,0x00000000eb9b0000,0x00000000eba00000)
  to   space 512K, 0% used [0x00000000ebb00000,0x00000000ebb00000,0x00000000ebb80000)
 ParOldGen       total 68608K, used 66041K [0x00000000c0000000, 0x00000000c4300000, 0x00000000eab00000)
  object space 68608K, 96% used [0x00000000c0000000,0x00000000c407e688,0x00000000c4300000)
 Metaspace       used 75508K, committed 76736K, reserved 1179648K
  class space    used 9090K, committed 9664K, reserved 1048576K
}
Event: 216.557 GC heap before
{Heap before GC invocations=93 (full 3):
 PSYoungGen      total 15360K, used 15040K [0x00000000eab00000, 0x00000000ebb80000, 0x0000000100000000)
  eden space 14848K, 100% used [0x00000000eab00000,0x00000000eb980000,0x00000000eb980000)
  from space 512K, 37% used [0x00000000eb980000,0x00000000eb9b0000,0x00000000eba00000)
  to   space 512K, 0% used [0x00000000ebb00000,0x00000000ebb00000,0x00000000ebb80000)
 ParOldGen       total 68608K, used 66041K [0x00000000c0000000, 0x00000000c4300000, 0x00000000eab00000)
  object space 68608K, 96% used [0x00000000c0000000,0x00000000c407e688,0x00000000c4300000)
 Metaspace       used 75508K, committed 76736K, reserved 1179648K
  class space    used 9090K, committed 9664K, reserved 1048576K
}
Event: 216.558 GC heap after
{Heap after GC invocations=93 (full 3):
 PSYoungGen      total 15360K, used 160K [0x00000000eab00000, 0x00000000ebb80000, 0x0000000100000000)
  eden space 14848K, 0% used [0x00000000eab00000,0x00000000eab00000,0x00000000eb980000)
  from space 512K, 31% used [0x00000000ebb00000,0x00000000ebb28000,0x00000000ebb80000)
  to   space 512K, 0% used [0x00000000eb980000,0x00000000eb980000,0x00000000eba00000)
 ParOldGen       total 68608K, used 66073K [0x00000000c0000000, 0x00000000c4300000, 0x00000000eab00000)
  object space 68608K, 96% used [0x00000000c0000000,0x00000000c4086688,0x00000000c4300000)
 Metaspace       used 75508K, committed 76736K, reserved 1179648K
  class space    used 9090K, committed 9664K, reserved 1048576K
}
Event: 216.629 GC heap before
{Heap before GC invocations=94 (full 3):
 PSYoungGen      total 15360K, used 15008K [0x00000000eab00000, 0x00000000ebb80000, 0x0000000100000000)
  eden space 14848K, 100% used [0x00000000eab00000,0x00000000eb980000,0x00000000eb980000)
  from space 512K, 31% used [0x00000000ebb00000,0x00000000ebb28000,0x00000000ebb80000)
  to   space 512K, 0% used [0x00000000eb980000,0x00000000eb980000,0x00000000eba00000)
 ParOldGen       total 68608K, used 66073K [0x00000000c0000000, 0x00000000c4300000, 0x00000000eab00000)
  object space 68608K, 96% used [0x00000000c0000000,0x00000000c4086688,0x00000000c4300000)
 Metaspace       used 75508K, committed 76736K, reserved 1179648K
  class space    used 9090K, committed 9664K, reserved 1048576K
}
Event: 216.630 GC heap after
{Heap after GC invocations=94 (full 3):
 PSYoungGen      total 15360K, used 160K [0x00000000eab00000, 0x00000000ebb80000, 0x0000000100000000)
  eden space 14848K, 0% used [0x00000000eab00000,0x00000000eab00000,0x00000000eb980000)
  from space 512K, 31% used [0x00000000eb980000,0x00000000eb9a8000,0x00000000eba00000)
  to   space 512K, 0% used [0x00000000ebb00000,0x00000000ebb00000,0x00000000ebb80000)
 ParOldGen       total 68608K, used 66089K [0x00000000c0000000, 0x00000000c4300000, 0x00000000eab00000)
  object space 68608K, 96% used [0x00000000c0000000,0x00000000c408a688,0x00000000c4300000)
 Metaspace       used 75508K, committed 76736K, reserved 1179648K
  class space    used 9090K, committed 9664K, reserved 1048576K
}
Event: 217.016 GC heap before
{Heap before GC invocations=95 (full 3):
 PSYoungGen      total 15360K, used 15008K [0x00000000eab00000, 0x00000000ebb80000, 0x0000000100000000)
  eden space 14848K, 100% used [0x00000000eab00000,0x00000000eb980000,0x00000000eb980000)
  from space 512K, 31% used [0x00000000eb980000,0x00000000eb9a8000,0x00000000eba00000)
  to   space 512K, 0% used [0x00000000ebb00000,0x00000000ebb00000,0x00000000ebb80000)
 ParOldGen       total 68608K, used 66089K [0x00000000c0000000, 0x00000000c4300000, 0x00000000eab00000)
  object space 68608K, 96% used [0x00000000c0000000,0x00000000c408a688,0x00000000c4300000)
 Metaspace       used 75508K, committed 76736K, reserved 1179648K
  class space    used 9090K, committed 9664K, reserved 1048576K
}
Event: 217.017 GC heap after
{Heap after GC invocations=95 (full 3):
 PSYoungGen      total 15360K, used 192K [0x00000000eab00000, 0x00000000ebb80000, 0x0000000100000000)
  eden space 14848K, 0% used [0x00000000eab00000,0x00000000eab00000,0x00000000eb980000)
  from space 512K, 37% used [0x00000000ebb00000,0x00000000ebb30000,0x00000000ebb80000)
  to   space 512K, 0% used [0x00000000eb980000,0x00000000eb980000,0x00000000eba00000)
 ParOldGen       total 68608K, used 66089K [0x00000000c0000000, 0x00000000c4300000, 0x00000000eab00000)
  object space 68608K, 96% used [0x00000000c0000000,0x00000000c408a688,0x00000000c4300000)
 Metaspace       used 75508K, committed 76736K, reserved 1179648K
  class space    used 9090K, committed 9664K, reserved 1048576K
}
Event: 217.481 GC heap before
{Heap before GC invocations=96 (full 3):
 PSYoungGen      total 15360K, used 15040K [0x00000000eab00000, 0x00000000ebb80000, 0x0000000100000000)
  eden space 14848K, 100% used [0x00000000eab00000,0x00000000eb980000,0x00000000eb980000)
  from space 512K, 37% used [0x00000000ebb00000,0x00000000ebb30000,0x00000000ebb80000)
  to   space 512K, 0% used [0x00000000eb980000,0x00000000eb980000,0x00000000eba00000)
 ParOldGen       total 68608K, used 66089K [0x00000000c0000000, 0x00000000c4300000, 0x00000000eab00000)
  object space 68608K, 96% used [0x00000000c0000000,0x00000000c408a688,0x00000000c4300000)
 Metaspace       used 75508K, committed 76736K, reserved 1179648K
  class space    used 9090K, committed 9664K, reserved 1048576K
}
Event: 217.482 GC heap after
{Heap after GC invocations=96 (full 3):
 PSYoungGen      total 15360K, used 192K [0x00000000eab00000, 0x00000000ebb80000, 0x0000000100000000)
  eden space 14848K, 0% used [0x00000000eab00000,0x00000000eab00000,0x00000000eb980000)
  from space 512K, 37% used [0x00000000eb980000,0x00000000eb9b0000,0x00000000eba00000)
  to   space 512K, 0% used [0x00000000ebb00000,0x00000000ebb00000,0x00000000ebb80000)
 ParOldGen       total 68608K, used 66121K [0x00000000c0000000, 0x00000000c4300000, 0x00000000eab00000)
  object space 68608K, 96% used [0x00000000c0000000,0x00000000c4092688,0x00000000c4300000)
 Metaspace       used 75508K, committed 76736K, reserved 1179648K
  class space    used 9090K, committed 9664K, reserved 1048576K
}
Event: 217.779 GC heap before
{Heap before GC invocations=97 (full 3):
 PSYoungGen      total 15360K, used 15040K [0x00000000eab00000, 0x00000000ebb80000, 0x0000000100000000)
  eden space 14848K, 100% used [0x00000000eab00000,0x00000000eb980000,0x00000000eb980000)
  from space 512K, 37% used [0x00000000eb980000,0x00000000eb9b0000,0x00000000eba00000)
  to   space 512K, 0% used [0x00000000ebb00000,0x00000000ebb00000,0x00000000ebb80000)
 ParOldGen       total 68608K, used 66121K [0x00000000c0000000, 0x00000000c4300000, 0x00000000eab00000)
  object space 68608K, 96% used [0x00000000c0000000,0x00000000c4092688,0x00000000c4300000)
 Metaspace       used 75508K, committed 76736K, reserved 1179648K
  class space    used 9090K, committed 9664K, reserved 1048576K
}
Event: 217.781 GC heap after
{Heap after GC invocations=97 (full 3):
 PSYoungGen      total 15360K, used 192K [0x00000000eab00000, 0x00000000ebb80000, 0x0000000100000000)
  eden space 14848K, 0% used [0x00000000eab00000,0x00000000eab00000,0x00000000eb980000)
  from space 512K, 37% used [0x00000000ebb00000,0x00000000ebb30000,0x00000000ebb80000)
  to   space 512K, 0% used [0x00000000eb980000,0x00000000eb980000,0x00000000eba00000)
 ParOldGen       total 68608K, used 66129K [0x00000000c0000000, 0x00000000c4300000, 0x00000000eab00000)
  object space 68608K, 96% used [0x00000000c0000000,0x00000000c4094688,0x00000000c4300000)
 Metaspace       used 75508K, committed 76736K, reserved 1179648K
  class space    used 9090K, committed 9664K, reserved 1048576K
}
Event: 219.038 GC heap before
{Heap before GC invocations=98 (full 3):
 PSYoungGen      total 15360K, used 15040K [0x00000000eab00000, 0x00000000ebb80000, 0x0000000100000000)
  eden space 14848K, 100% used [0x00000000eab00000,0x00000000eb980000,0x00000000eb980000)
  from space 512K, 37% used [0x00000000ebb00000,0x00000000ebb30000,0x00000000ebb80000)
  to   space 512K, 0% used [0x00000000eb980000,0x00000000eb980000,0x00000000eba00000)
 ParOldGen       total 68608K, used 66129K [0x00000000c0000000, 0x00000000c4300000, 0x00000000eab00000)
  object space 68608K, 96% used [0x00000000c0000000,0x00000000c4094688,0x00000000c4300000)
 Metaspace       used 75515K, committed 76736K, reserved 1179648K
  class space    used 9091K, committed 9664K, reserved 1048576K
}
Event: 219.039 GC heap after
{Heap after GC invocations=98 (full 3):
 PSYoungGen      total 15360K, used 160K [0x00000000eab00000, 0x00000000ebb80000, 0x0000000100000000)
  eden space 14848K, 0% used [0x00000000eab00000,0x00000000eab00000,0x00000000eb980000)
  from space 512K, 31% used [0x00000000eb980000,0x00000000eb9a8000,0x00000000eba00000)
  to   space 512K, 0% used [0x00000000ebb00000,0x00000000ebb00000,0x00000000ebb80000)
 ParOldGen       total 68608K, used 66137K [0x00000000c0000000, 0x00000000c4300000, 0x00000000eab00000)
  object space 68608K, 96% used [0x00000000c0000000,0x00000000c4096688,0x00000000c4300000)
 Metaspace       used 75515K, committed 76736K, reserved 1179648K
  class space    used 9091K, committed 9664K, reserved 1048576K
}
Event: 220.058 GC heap before
{Heap before GC invocations=99 (full 3):
 PSYoungGen      total 15360K, used 15008K [0x00000000eab00000, 0x00000000ebb80000, 0x0000000100000000)
  eden space 14848K, 100% used [0x00000000eab00000,0x00000000eb980000,0x00000000eb980000)
  from space 512K, 31% used [0x00000000eb980000,0x00000000eb9a8000,0x00000000eba00000)
  to   space 512K, 0% used [0x00000000ebb00000,0x00000000ebb00000,0x00000000ebb80000)
 ParOldGen       total 68608K, used 66137K [0x00000000c0000000, 0x00000000c4300000, 0x00000000eab00000)
  object space 68608K, 96% used [0x00000000c0000000,0x00000000c4096688,0x00000000c4300000)
 Metaspace       used 75527K, committed 76736K, reserved 1179648K
  class space    used 9091K, committed 9664K, reserved 1048576K
}
Event: 220.059 GC heap after
{Heap after GC invocations=99 (full 3):
 PSYoungGen      total 15360K, used 192K [0x00000000eab00000, 0x00000000ebb80000, 0x0000000100000000)
  eden space 14848K, 0% used [0x00000000eab00000,0x00000000eab00000,0x00000000eb980000)
  from space 512K, 37% used [0x00000000ebb00000,0x00000000ebb30000,0x00000000ebb80000)
  to   space 512K, 0% used [0x00000000eb980000,0x00000000eb980000,0x00000000eba00000)
 ParOldGen       total 68608K, used 66193K [0x00000000c0000000, 0x00000000c4300000, 0x00000000eab00000)
  object space 68608K, 96% used [0x00000000c0000000,0x00000000c40a4688,0x00000000c4300000)
 Metaspace       used 75527K, committed 76736K, reserved 1179648K
  class space    used 9091K, committed 9664K, reserved 1048576K
}
Event: 220.665 GC heap before
{Heap before GC invocations=100 (full 3):
 PSYoungGen      total 15360K, used 15040K [0x00000000eab00000, 0x00000000ebb80000, 0x0000000100000000)
  eden space 14848K, 100% used [0x00000000eab00000,0x00000000eb980000,0x00000000eb980000)
  from space 512K, 37% used [0x00000000ebb00000,0x00000000ebb30000,0x00000000ebb80000)
  to   space 512K, 0% used [0x00000000eb980000,0x00000000eb980000,0x00000000eba00000)
 ParOldGen       total 68608K, used 66193K [0x00000000c0000000, 0x00000000c4300000, 0x00000000eab00000)
  object space 68608K, 96% used [0x00000000c0000000,0x00000000c40a4688,0x00000000c4300000)
 Metaspace       used 75552K, committed 76736K, reserved 1179648K
  class space    used 9095K, committed 9664K, reserved 1048576K
}
Event: 220.666 GC heap after
{Heap after GC invocations=100 (full 3):
 PSYoungGen      total 15360K, used 256K [0x00000000eab00000, 0x00000000ebb80000, 0x0000000100000000)
  eden space 14848K, 0% used [0x00000000eab00000,0x00000000eab00000,0x00000000eb980000)
  from space 512K, 50% used [0x00000000eb980000,0x00000000eb9c0000,0x00000000eba00000)
  to   space 512K, 0% used [0x00000000ebb00000,0x00000000ebb00000,0x00000000ebb80000)
 ParOldGen       total 68608K, used 66233K [0x00000000c0000000, 0x00000000c4300000, 0x00000000eab00000)
  object space 68608K, 96% used [0x00000000c0000000,0x00000000c40ae688,0x00000000c4300000)
 Metaspace       used 75552K, committed 76736K, reserved 1179648K
  class space    used 9095K, committed 9664K, reserved 1048576K
}
Event: 220.908 GC heap before
{Heap before GC invocations=101 (full 3):
 PSYoungGen      total 15360K, used 15104K [0x00000000eab00000, 0x00000000ebb80000, 0x0000000100000000)
  eden space 14848K, 100% used [0x00000000eab00000,0x00000000eb980000,0x00000000eb980000)
  from space 512K, 50% used [0x00000000eb980000,0x00000000eb9c0000,0x00000000eba00000)
  to   space 512K, 0% used [0x00000000ebb00000,0x00000000ebb00000,0x00000000ebb80000)
 ParOldGen       total 68608K, used 66233K [0x00000000c0000000, 0x00000000c4300000, 0x00000000eab00000)
  object space 68608K, 96% used [0x00000000c0000000,0x00000000c40ae688,0x00000000c4300000)
 Metaspace       used 75918K, committed 77184K, reserved 1179648K
  class space    used 9138K, committed 9728K, reserved 1048576K
}
Event: 220.910 GC heap after
{Heap after GC invocations=101 (full 3):
 PSYoungGen      total 15360K, used 512K [0x00000000eab00000, 0x00000000ebb80000, 0x0000000100000000)
  eden space 14848K, 0% used [0x00000000eab00000,0x00000000eab00000,0x00000000eb980000)
  from space 512K, 100% used [0x00000000ebb00000,0x00000000ebb80000,0x00000000ebb80000)
  to   space 1024K, 0% used [0x00000000eb980000,0x00000000eb980000,0x00000000eba80000)
 ParOldGen       total 68608K, used 66465K [0x00000000c0000000, 0x00000000c4300000, 0x00000000eab00000)
  object space 68608K, 96% used [0x00000000c0000000,0x00000000c40e8698,0x00000000c4300000)
 Metaspace       used 75918K, committed 77184K, reserved 1179648K
  class space    used 9138K, committed 9728K, reserved 1048576K
}

