# JRE version: Java(TM) SE Runtime Environment (17.0.6+9) (build 17.0.6+9-LTS-190)
# Java VM: Java HotSpot(TM) 64-Bit Server VM (17.0.6+9-LTS-190, mixed mode, sharing, tiered, compressed oops, compressed class ptrs, g1 gc, windows-amd64)
GC Precious Log:
 CPUs: 8 total, 8 available
 Memory: 16275M
 Large Page Support: Disabled
 NUMA Support: Disabled
 Compressed Oops: Enabled (32-bit)
 Heap Region Size: 1M
 Heap Min Capacity: 8M
 Heap Initial Capacity: 256M
 Heap Max Capacity: 2G
 Pre-touch: Disabled
 Parallel Workers: 8
 Concurrent Workers: 2
 Concurrent Refinement Workers: 8
 Periodic GC: Disabled
Heap:
 garbage-first heap   total 450560K, used 383419K [0x0000000080000000, 0x0000000100000000)
  region size 1024K, 35 young (35840K), 2 survivors (2048K)
 Metaspace       used 123241K, committed 125056K, reserved 536576K
  class space    used 16491K, committed 17344K, reserved 421888K
GC Heap History (20 events):
Event: 4136.656 GC heap before
{Heap before GC invocations=96 (full 0):
 garbage-first heap   total 380928K, used 323584K [0x0000000080000000, 0x0000000100000000)
  region size 1024K, 48 young (49152K), 7 survivors (7168K)
 Metaspace       used 106372K, committed 108032K, reserved 520192K
  class space    used 14601K, committed 15360K, reserved 421888K
}
Event: 4136.666 GC heap after
{Heap after GC invocations=97 (full 0):
 garbage-first heap   total 380928K, used 286048K [0x0000000080000000, 0x0000000100000000)
  region size 1024K, 4 young (4096K), 4 survivors (4096K)
 Metaspace       used 106372K, committed 108032K, reserved 520192K
  class space    used 14601K, committed 15360K, reserved 421888K
}
Event: 4137.185 GC heap before
{Heap before GC invocations=97 (full 0):
 garbage-first heap   total 380928K, used 324960K [0x0000000080000000, 0x0000000100000000)
  region size 1024K, 43 young (44032K), 4 survivors (4096K)
 Metaspace       used 106401K, committed 108032K, reserved 520192K
  class space    used 14603K, committed 15360K, reserved 421888K
}
Event: 4137.192 GC heap after
{Heap after GC invocations=98 (full 0):
 garbage-first heap   total 450560K, used 287004K [0x0000000080000000, 0x0000000100000000)
  region size 1024K, 5 young (5120K), 5 survivors (5120K)
 Metaspace       used 106401K, committed 108032K, reserved 520192K
  class space    used 14603K, committed 15360K, reserved 421888K
}
Event: 4417.198 GC heap before
{Heap before GC invocations=98 (full 0):
 garbage-first heap   total 450560K, used 374044K [0x0000000080000000, 0x0000000100000000)
  region size 1024K, 91 young (93184K), 5 survivors (5120K)
 Metaspace       used 106722K, committed 108352K, reserved 520192K
  class space    used 14629K, committed 15424K, reserved 421888K
}
Event: 4417.213 GC heap after
{Heap after GC invocations=99 (full 0):
 garbage-first heap   total 450560K, used 296282K [0x0000000080000000, 0x0000000100000000)
  region size 1024K, 12 young (12288K), 12 survivors (12288K)
 Metaspace       used 106722K, committed 108352K, reserved 520192K
  class space    used 14629K, committed 15424K, reserved 421888K
}
Event: 4418.016 GC heap before
{Heap before GC invocations=99 (full 0):
 garbage-first heap   total 450560K, used 376154K [0x0000000080000000, 0x0000000100000000)
  region size 1024K, 90 young (92160K), 12 survivors (12288K)
 Metaspace       used 107096K, committed 108800K, reserved 520192K
  class space    used 14671K, committed 15488K, reserved 421888K
}
Event: 4418.038 GC heap after
{Heap after GC invocations=100 (full 0):
 garbage-first heap   total 450560K, used 309762K [0x0000000080000000, 0x0000000100000000)
  region size 1024K, 12 young (12288K), 12 survivors (12288K)
 Metaspace       used 107096K, committed 108800K, reserved 520192K
  class space    used 14671K, committed 15488K, reserved 421888K
}
Event: 4418.823 GC heap before
{Heap before GC invocations=100 (full 0):
 garbage-first heap   total 450560K, used 376322K [0x0000000080000000, 0x0000000100000000)
  region size 1024K, 78 young (79872K), 12 survivors (12288K)
 Metaspace       used 108922K, committed 110720K, reserved 520192K
  class space    used 14925K, committed 15808K, reserved 421888K
}
Event: 4418.843 GC heap after
{Heap after GC invocations=101 (full 0):
 garbage-first heap   total 450560K, used 316708K [0x0000000080000000, 0x0000000100000000)
  region size 1024K, 7 young (7168K), 7 survivors (7168K)
 Metaspace       used 108922K, committed 110720K, reserved 520192K
  class space    used 14925K, committed 15808K, reserved 421888K
}
Event: 4420.023 GC heap before
{Heap before GC invocations=101 (full 0):
 garbage-first heap   total 450560K, used 380196K [0x0000000080000000, 0x0000000100000000)
  region size 1024K, 70 young (71680K), 7 survivors (7168K)
 Metaspace       used 112087K, committed 113920K, reserved 520192K
  class space    used 15294K, committed 16192K, reserved 421888K
}
Event: 4420.034 GC heap after
{Heap after GC invocations=102 (full 0):
 garbage-first heap   total 450560K, used 320073K [0x0000000080000000, 0x0000000100000000)
  region size 1024K, 3 young (3072K), 3 survivors (3072K)
 Metaspace       used 112087K, committed 113920K, reserved 520192K
  class space    used 15294K, committed 16192K, reserved 421888K
}
Event: 4424.018 GC heap before
{Heap before GC invocations=102 (full 0):
 garbage-first heap   total 450560K, used 388681K [0x0000000080000000, 0x0000000100000000)
  region size 1024K, 67 young (68608K), 3 survivors (3072K)
 Metaspace       used 119368K, committed 121216K, reserved 528384K
  class space    used 16173K, committed 17024K, reserved 421888K
}
Event: 4424.042 GC heap after
{Heap after GC invocations=103 (full 0):
 garbage-first heap   total 450560K, used 333488K [0x0000000080000000, 0x0000000100000000)
  region size 1024K, 9 young (9216K), 9 survivors (9216K)
 Metaspace       used 119368K, committed 121216K, reserved 528384K
  class space    used 16173K, committed 17024K, reserved 421888K
}
Event: 4425.416 GC heap before
{Heap before GC invocations=103 (full 0):
 garbage-first heap   total 450560K, used 385712K [0x0000000080000000, 0x0000000100000000)
  region size 1024K, 59 young (60416K), 9 survivors (9216K)
 Metaspace       used 119933K, committed 121792K, reserved 528384K
  class space    used 16224K, committed 17088K, reserved 421888K
}
Event: 4425.429 GC heap after
{Heap after GC invocations=104 (full 0):
 garbage-first heap   total 450560K, used 342007K [0x0000000080000000, 0x0000000100000000)
  region size 1024K, 7 young (7168K), 7 survivors (7168K)
 Metaspace       used 119933K, committed 121792K, reserved 528384K
  class space    used 16224K, committed 17088K, reserved 421888K
}
Event: 4428.510 GC heap before
{Heap before GC invocations=104 (full 0):
 garbage-first heap   total 450560K, used 386039K [0x0000000080000000, 0x0000000100000000)
  region size 1024K, 51 young (52224K), 7 survivors (7168K)
 Metaspace       used 122383K, committed 124160K, reserved 536576K
  class space    used 16476K, committed 17344K, reserved 421888K
}
Event: 4428.525 GC heap after
{Heap after GC invocations=105 (full 0):
 garbage-first heap   total 450560K, used 348362K [0x0000000080000000, 0x0000000100000000)
  region size 1024K, 7 young (7168K), 7 survivors (7168K)
 Metaspace       used 122383K, committed 124160K, reserved 536576K
  class space    used 16476K, committed 17344K, reserved 421888K
}
Event: 4430.754 GC heap before
{Heap before GC invocations=105 (full 0):
 garbage-first heap   total 450560K, used 388298K [0x0000000080000000, 0x0000000100000000)
  region size 1024K, 46 young (47104K), 7 survivors (7168K)
 Metaspace       used 123101K, committed 124992K, reserved 536576K
  class space    used 16485K, committed 17344K, reserved 421888K
}
Event: 4430.767 GC heap after
{Heap after GC invocations=106 (full 0):
 garbage-first heap   total 450560K, used 350651K [0x0000000080000000, 0x0000000100000000)
  region size 1024K, 2 young (2048K), 2 survivors (2048K)
 Metaspace       used 123101K, committed 124992K, reserved 536576K
  class space    used 16485K, committed 17344K, reserved 421888K
}

