# JRE version: Java(TM) SE Runtime Environment (17.0.6+9) (build 17.0.6+9-LTS-190)
# Java VM: Java HotSpot(TM) 64-Bit Server VM (17.0.6+9-LTS-190, mixed mode, sharing, tiered, compressed oops, compressed class ptrs, g1 gc, windows-amd64)
GC Precious Log:
 CPUs: 8 total, 8 available
 Memory: 16275M
 Large Page Support: Disabled
 NUMA Support: Disabled
 Compressed Oops: Enabled (32-bit)
 Heap Region Size: 1M
 Heap Min Capacity: 8M
 Heap Initial Capacity: 256M
 Heap Max Capacity: 2G
 Pre-touch: Disabled
 Parallel Workers: 8
 Concurrent Workers: 2
 Concurrent Refinement Workers: 8
 Periodic GC: Disabled
Heap:
 garbage-first heap   total 388096K, used 269884K [0x0000000080000000, 0x0000000100000000)
  region size 1024K, 71 young (72704K), 16 survivors (16384K)
 Metaspace       used 120637K, committed 121920K, reserved 528384K
  class space    used 17424K, committed 18048K, reserved 421888K
GC Heap History (20 events):
Event: 29.981 GC heap before
{Heap before GC invocations=48 (full 0):
 garbage-first heap   total 368640K, used 301929K [0x0000000080000000, 0x0000000100000000)
  region size 1024K, 191 young (195584K), 2 survivors (2048K)
 Metaspace       used 95935K, committed 96896K, reserved 512000K
  class space    used 13507K, committed 13952K, reserved 421888K
}
Event: 30.000 GC heap after
{Heap after GC invocations=49 (full 0):
 garbage-first heap   total 368640K, used 135298K [0x0000000080000000, 0x0000000100000000)
  region size 1024K, 24 young (24576K), 24 survivors (24576K)
 Metaspace       used 95935K, committed 96896K, reserved 512000K
  class space    used 13507K, committed 13952K, reserved 421888K
}
Event: 31.704 GC heap before
{Heap before GC invocations=49 (full 0):
 garbage-first heap   total 368640K, used 283778K [0x0000000080000000, 0x0000000100000000)
  region size 1024K, 170 young (174080K), 24 survivors (24576K)
 Metaspace       used 97847K, committed 98880K, reserved 512000K
  class space    used 13786K, committed 14272K, reserved 421888K
}
Event: 31.730 GC heap after
{Heap after GC invocations=50 (full 0):
 garbage-first heap   total 368640K, used 148802K [0x0000000080000000, 0x0000000100000000)
  region size 1024K, 14 young (14336K), 14 survivors (14336K)
 Metaspace       used 97847K, committed 98880K, reserved 512000K
  class space    used 13786K, committed 14272K, reserved 421888K
}
Event: 33.224 GC heap before
{Heap before GC invocations=50 (full 0):
 garbage-first heap   total 368640K, used 315714K [0x0000000080000000, 0x0000000100000000)
  region size 1024K, 154 young (157696K), 14 survivors (14336K)
 Metaspace       used 98233K, committed 99264K, reserved 512000K
  class space    used 13812K, committed 14272K, reserved 421888K
}
Event: 33.244 GC heap after
{Heap after GC invocations=51 (full 0):
 garbage-first heap   total 368640K, used 160711K [0x0000000080000000, 0x0000000100000000)
  region size 1024K, 12 young (12288K), 12 survivors (12288K)
 Metaspace       used 98233K, committed 99264K, reserved 512000K
  class space    used 13812K, committed 14272K, reserved 421888K
}
Event: 34.136 GC heap before
{Heap before GC invocations=51 (full 0):
 garbage-first heap   total 368640K, used 255943K [0x0000000080000000, 0x0000000100000000)
  region size 1024K, 92 young (94208K), 12 survivors (12288K)
 Metaspace       used 99496K, committed 100544K, reserved 512000K
  class space    used 13906K, committed 14400K, reserved 421888K
}
Event: 34.153 GC heap after
{Heap after GC invocations=52 (full 0):
 garbage-first heap   total 368640K, used 169108K [0x0000000080000000, 0x0000000100000000)
  region size 1024K, 7 young (7168K), 7 survivors (7168K)
 Metaspace       used 99496K, committed 100544K, reserved 512000K
  class space    used 13906K, committed 14400K, reserved 421888K
}
Event: 34.177 GC heap before
{Heap before GC invocations=52 (full 0):
 garbage-first heap   total 368640K, used 172180K [0x0000000080000000, 0x0000000100000000)
  region size 1024K, 9 young (9216K), 7 survivors (7168K)
 Metaspace       used 99540K, committed 100608K, reserved 512000K
  class space    used 13911K, committed 14400K, reserved 421888K
}
Event: 34.185 GC heap after
{Heap after GC invocations=53 (full 0):
 garbage-first heap   total 368640K, used 167538K [0x0000000080000000, 0x0000000100000000)
  region size 1024K, 6 young (6144K), 6 survivors (6144K)
 Metaspace       used 99540K, committed 100608K, reserved 512000K
  class space    used 13911K, committed 14400K, reserved 421888K
}
Event: 35.809 GC heap before
{Heap before GC invocations=53 (full 0):
 garbage-first heap   total 368640K, used 308850K [0x0000000080000000, 0x0000000100000000)
  region size 1024K, 142 young (145408K), 6 survivors (6144K)
 Metaspace       used 111832K, committed 112832K, reserved 520192K
  class space    used 16030K, committed 16512K, reserved 421888K
}
Event: 35.827 GC heap after
{Heap after GC invocations=54 (full 0):
 garbage-first heap   total 368640K, used 183915K [0x0000000080000000, 0x0000000100000000)
  region size 1024K, 18 young (18432K), 18 survivors (18432K)
 Metaspace       used 111832K, committed 112832K, reserved 520192K
  class space    used 16030K, committed 16512K, reserved 421888K
}
Event: 36.057 GC heap before
{Heap before GC invocations=54 (full 0):
 garbage-first heap   total 368640K, used 206443K [0x0000000080000000, 0x0000000100000000)
  region size 1024K, 41 young (41984K), 18 survivors (18432K)
 Metaspace       used 114123K, committed 115200K, reserved 528384K
  class space    used 16445K, committed 16960K, reserved 421888K
}
Event: 36.072 GC heap after
{Heap after GC invocations=55 (full 0):
 garbage-first heap   total 368640K, used 187981K [0x0000000080000000, 0x0000000100000000)
  region size 1024K, 4 young (4096K), 4 survivors (4096K)
 Metaspace       used 114123K, committed 115200K, reserved 528384K
  class space    used 16445K, committed 16960K, reserved 421888K
}
Event: 37.135 GC heap before
{Heap before GC invocations=56 (full 0):
 garbage-first heap   total 388096K, used 324173K [0x0000000080000000, 0x0000000100000000)
  region size 1024K, 120 young (122880K), 4 survivors (4096K)
 Metaspace       used 119357K, committed 120576K, reserved 528384K
  class space    used 17293K, committed 17856K, reserved 421888K
}
Event: 37.146 GC heap after
{Heap after GC invocations=57 (full 0):
 garbage-first heap   total 388096K, used 200567K [0x0000000080000000, 0x0000000100000000)
  region size 1024K, 10 young (10240K), 10 survivors (10240K)
 Metaspace       used 119357K, committed 120576K, reserved 528384K
  class space    used 17293K, committed 17856K, reserved 421888K
}
Event: 37.212 GC heap before
{Heap before GC invocations=57 (full 0):
 garbage-first heap   total 388096K, used 207735K [0x0000000080000000, 0x0000000100000000)
  region size 1024K, 18 young (18432K), 10 survivors (10240K)
 Metaspace       used 119384K, committed 120576K, reserved 528384K
  class space    used 17295K, committed 17856K, reserved 421888K
}
Event: 37.222 GC heap after
{Heap after GC invocations=58 (full 0):
 garbage-first heap   total 388096K, used 201069K [0x0000000080000000, 0x0000000100000000)
  region size 1024K, 2 young (2048K), 2 survivors (2048K)
 Metaspace       used 119384K, committed 120576K, reserved 528384K
  class space    used 17295K, committed 17856K, reserved 421888K
}
Event: 37.947 GC heap before
{Heap before GC invocations=58 (full 0):
 garbage-first heap   total 388096K, used 324973K [0x0000000080000000, 0x0000000100000000)
  region size 1024K, 123 young (125952K), 2 survivors (2048K)
 Metaspace       used 120170K, committed 121344K, reserved 528384K
  class space    used 17383K, committed 17920K, reserved 421888K
}
Event: 37.964 GC heap after
{Heap after GC invocations=59 (full 0):
 garbage-first heap   total 388096K, used 214588K [0x0000000080000000, 0x0000000100000000)
  region size 1024K, 16 young (16384K), 16 survivors (16384K)
 Metaspace       used 120170K, committed 121344K, reserved 528384K
  class space    used 17383K, committed 17920K, reserved 421888K
}

