# JRE version: Java(TM) SE Runtime Environment (17.0.6+9) (build 17.0.6+9-LTS-190)
# Java VM: Java HotSpot(TM) 64-Bit Server VM (17.0.6+9-LTS-190, mixed mode, sharing, tiered, compressed oops, compressed class ptrs, g1 gc, windows-amd64)
GC Precious Log:
 CPUs: 8 total, 8 available
 Memory: 16275M
 Large Page Support: Disabled
 NUMA Support: Disabled
 Compressed Oops: Enabled (32-bit)
 Heap Region Size: 1M
 Heap Min Capacity: 8M
 Heap Initial Capacity: 256M
 Heap Max Capacity: 2G
 Pre-touch: Disabled
 Parallel Workers: 8
 Concurrent Workers: 2
 Concurrent Refinement Workers: 8
 Periodic GC: Disabled
Heap:
 garbage-first heap   total 317440K, used 239190K [0x0000000080000000, 0x0000000100000000)
  region size 1024K, 101 young (103424K), 1 survivors (1024K)
 Metaspace       used 122256K, committed 123200K, reserved 536576K
  class space    used 16481K, committed 16896K, reserved 421888K
GC Heap History (20 events):
Event: 245.371 GC heap before
{Heap before GC invocations=74 (full 0):
 garbage-first heap   total 275456K, used 229857K [0x0000000080000000, 0x0000000100000000)
  region size 1024K, 97 young (99328K), 1 survivors (1024K)
 Metaspace       used 121504K, committed 122432K, reserved 528384K
  class space    used 16446K, committed 16896K, reserved 421888K
}
Event: 245.373 GC heap after
{Heap after GC invocations=75 (full 0):
 garbage-first heap   total 275456K, used 131046K [0x0000000080000000, 0x0000000100000000)
  region size 1024K, 1 young (1024K), 1 survivors (1024K)
 Metaspace       used 121504K, committed 122432K, reserved 528384K
  class space    used 16446K, committed 16896K, reserved 421888K
}
Event: 247.112 GC heap before
{Heap before GC invocations=75 (full 0):
 garbage-first heap   total 275456K, used 231398K [0x0000000080000000, 0x0000000100000000)
  region size 1024K, 100 young (102400K), 1 survivors (1024K)
 Metaspace       used 121526K, committed 122496K, reserved 528384K
  class space    used 16446K, committed 16896K, reserved 421888K
}
Event: 247.115 GC heap after
{Heap after GC invocations=76 (full 0):
 garbage-first heap   total 275456K, used 133931K [0x0000000080000000, 0x0000000100000000)
  region size 1024K, 4 young (4096K), 4 survivors (4096K)
 Metaspace       used 121526K, committed 122496K, reserved 528384K
  class space    used 16446K, committed 16896K, reserved 421888K
}
Event: 258.627 GC heap before
{Heap before GC invocations=76 (full 0):
 garbage-first heap   total 275456K, used 232235K [0x0000000080000000, 0x0000000100000000)
  region size 1024K, 101 young (103424K), 4 survivors (4096K)
 Metaspace       used 121888K, committed 122880K, reserved 536576K
  class space    used 16469K, committed 16896K, reserved 421888K
}
Event: 258.631 GC heap after
{Heap after GC invocations=77 (full 0):
 garbage-first heap   total 275456K, used 134552K [0x0000000080000000, 0x0000000100000000)
  region size 1024K, 5 young (5120K), 5 survivors (5120K)
 Metaspace       used 121888K, committed 122880K, reserved 536576K
  class space    used 16469K, committed 16896K, reserved 421888K
}
Event: 262.447 GC heap before
{Heap before GC invocations=78 (full 0):
 garbage-first heap   total 275456K, used 235765K [0x0000000080000000, 0x0000000100000000)
  region size 1024K, 103 young (105472K), 5 survivors (5120K)
 Metaspace       used 122024K, committed 122944K, reserved 536576K
  class space    used 16480K, committed 16896K, reserved 421888K
}
Event: 262.450 GC heap after
{Heap after GC invocations=79 (full 0):
 garbage-first heap   total 275456K, used 138067K [0x0000000080000000, 0x0000000100000000)
  region size 1024K, 8 young (8192K), 8 survivors (8192K)
 Metaspace       used 122024K, committed 122944K, reserved 536576K
  class space    used 16480K, committed 16896K, reserved 421888K
}
Event: 262.455 GC heap before
{Heap before GC invocations=79 (full 0):
 garbage-first heap   total 275456K, used 143187K [0x0000000080000000, 0x0000000100000000)
  region size 1024K, 13 young (13312K), 8 survivors (8192K)
 Metaspace       used 122024K, committed 122944K, reserved 536576K
  class space    used 16480K, committed 16896K, reserved 421888K
}
Event: 262.457 GC heap after
{Heap after GC invocations=80 (full 0):
 garbage-first heap   total 275456K, used 136586K [0x0000000080000000, 0x0000000100000000)
  region size 1024K, 1 young (1024K), 1 survivors (1024K)
 Metaspace       used 122024K, committed 122944K, reserved 536576K
  class space    used 16480K, committed 16896K, reserved 421888K
}
Event: 262.552 GC heap before
{Heap before GC invocations=80 (full 0):
 garbage-first heap   total 275456K, used 235914K [0x0000000080000000, 0x0000000100000000)
  region size 1024K, 98 young (100352K), 1 survivors (1024K)
 Metaspace       used 122026K, committed 122944K, reserved 536576K
  class space    used 16480K, committed 16896K, reserved 421888K
}
Event: 262.554 GC heap after
{Heap after GC invocations=81 (full 0):
 garbage-first heap   total 275456K, used 136887K [0x0000000080000000, 0x0000000100000000)
  region size 1024K, 2 young (2048K), 2 survivors (2048K)
 Metaspace       used 122026K, committed 122944K, reserved 536576K
  class space    used 16480K, committed 16896K, reserved 421888K
}
Event: 263.921 GC heap before
{Heap before GC invocations=81 (full 0):
 garbage-first heap   total 275456K, used 235191K [0x0000000080000000, 0x0000000100000000)
  region size 1024K, 99 young (101376K), 2 survivors (2048K)
 Metaspace       used 122076K, committed 122944K, reserved 536576K
  class space    used 16481K, committed 16896K, reserved 421888K
}
Event: 263.924 GC heap after
{Heap after GC invocations=82 (full 0):
 garbage-first heap   total 275456K, used 139307K [0x0000000080000000, 0x0000000100000000)
  region size 1024K, 4 young (4096K), 4 survivors (4096K)
 Metaspace       used 122076K, committed 122944K, reserved 536576K
  class space    used 16481K, committed 16896K, reserved 421888K
}
Event: 268.089 GC heap before
{Heap before GC invocations=82 (full 0):
 garbage-first heap   total 275456K, used 184363K [0x0000000080000000, 0x0000000100000000)
  region size 1024K, 50 young (51200K), 4 survivors (4096K)
 Metaspace       used 122181K, committed 123136K, reserved 536576K
  class space    used 16481K, committed 16896K, reserved 421888K
}
Event: 268.092 GC heap after
{Heap after GC invocations=83 (full 0):
 garbage-first heap   total 275456K, used 139752K [0x0000000080000000, 0x0000000100000000)
  region size 1024K, 4 young (4096K), 4 survivors (4096K)
 Metaspace       used 122181K, committed 123136K, reserved 536576K
  class space    used 16481K, committed 16896K, reserved 421888K
}
Event: 269.179 GC heap before
{Heap before GC invocations=84 (full 0):
 garbage-first heap   total 317440K, used 287208K [0x0000000080000000, 0x0000000100000000)
  region size 1024K, 97 young (99328K), 4 survivors (4096K)
 Metaspace       used 122230K, committed 123136K, reserved 536576K
  class space    used 16481K, committed 16896K, reserved 421888K
}
Event: 269.182 GC heap after
{Heap after GC invocations=85 (full 0):
 garbage-first heap   total 317440K, used 140583K [0x0000000080000000, 0x0000000100000000)
  region size 1024K, 6 young (6144K), 6 survivors (6144K)
 Metaspace       used 122230K, committed 123136K, reserved 536576K
  class space    used 16481K, committed 16896K, reserved 421888K
}
Event: 269.191 GC heap before
{Heap before GC invocations=85 (full 0):
 garbage-first heap   total 317440K, used 149799K [0x0000000080000000, 0x0000000100000000)
  region size 1024K, 15 young (15360K), 6 survivors (6144K)
 Metaspace       used 122230K, committed 123136K, reserved 536576K
  class space    used 16481K, committed 16896K, reserved 421888K
}
Event: 269.193 GC heap after
{Heap after GC invocations=86 (full 0):
 garbage-first heap   total 317440K, used 137814K [0x0000000080000000, 0x0000000100000000)
  region size 1024K, 1 young (1024K), 1 survivors (1024K)
 Metaspace       used 122230K, committed 123136K, reserved 536576K
  class space    used 16481K, committed 16896K, reserved 421888K
}

