# JRE version: Java(TM) SE Runtime Environment (17.0.6+9) (build 17.0.6+9-LTS-190)
# Java VM: Java HotSpot(TM) 64-Bit Server VM (17.0.6+9-LTS-190, mixed mode, sharing, tiered, compressed oops, compressed class ptrs, g1 gc, windows-amd64)
GC Precious Log:
 CPUs: 8 total, 8 available
 Memory: 16275M
 Large Page Support: Disabled
 NUMA Support: Disabled
 Compressed Oops: Enabled (32-bit)
 Heap Region Size: 1M
 Heap Min Capacity: 8M
 Heap Initial Capacity: 256M
 Heap Max Capacity: 2G
 Pre-touch: Disabled
 Parallel Workers: 8
 Concurrent Workers: 2
 Concurrent Refinement Workers: 8
 Periodic GC: Disabled
Heap:
 garbage-first heap   total 340992K, used 267808K [0x0000000080000000, 0x0000000100000000)
  region size 1024K, 3 young (3072K), 3 survivors (3072K)
 Metaspace       used 138244K, committed 139456K, reserved 544768K
  class space    used 18709K, committed 19264K, reserved 421888K
GC Heap History (20 events):
Event: 52.153 GC heap after
{Heap after GC invocations=67 (full 0):
 garbage-first heap   total 340992K, used 238746K [0x0000000080000000, 0x0000000100000000)
  region size 1024K, 3 young (3072K), 3 survivors (3072K)
 Metaspace       used 131830K, committed 133056K, reserved 544768K
  class space    used 17893K, committed 18496K, reserved 421888K
}
Event: 52.985 GC heap before
{Heap before GC invocations=67 (full 0):
 garbage-first heap   total 340992K, used 301210K [0x0000000080000000, 0x0000000100000000)
  region size 1024K, 64 young (65536K), 3 survivors (3072K)
 Metaspace       used 131957K, committed 133184K, reserved 544768K
  class space    used 17911K, committed 18496K, reserved 421888K
}
Event: 52.993 GC heap after
{Heap after GC invocations=68 (full 0):
 garbage-first heap   total 340992K, used 239825K [0x0000000080000000, 0x0000000100000000)
  region size 1024K, 4 young (4096K), 4 survivors (4096K)
 Metaspace       used 131957K, committed 133184K, reserved 544768K
  class space    used 17911K, committed 18496K, reserved 421888K
}
Event: 53.874 GC heap before
{Heap before GC invocations=68 (full 0):
 garbage-first heap   total 340992K, used 301265K [0x0000000080000000, 0x0000000100000000)
  region size 1024K, 64 young (65536K), 4 survivors (4096K)
 Metaspace       used 132129K, committed 133312K, reserved 544768K
  class space    used 17927K, committed 18496K, reserved 421888K
}
Event: 53.881 GC heap after
{Heap after GC invocations=69 (full 0):
 garbage-first heap   total 340992K, used 239328K [0x0000000080000000, 0x0000000100000000)
  region size 1024K, 3 young (3072K), 3 survivors (3072K)
 Metaspace       used 132129K, committed 133312K, reserved 544768K
  class space    used 17927K, committed 18496K, reserved 421888K
}
Event: 55.674 GC heap before
{Heap before GC invocations=69 (full 0):
 garbage-first heap   total 340992K, used 302816K [0x0000000080000000, 0x0000000100000000)
  region size 1024K, 64 young (65536K), 3 survivors (3072K)
 Metaspace       used 134331K, committed 135552K, reserved 544768K
  class space    used 18223K, committed 18816K, reserved 421888K
}
Event: 55.684 GC heap after
{Heap after GC invocations=70 (full 0):
 garbage-first heap   total 340992K, used 241043K [0x0000000080000000, 0x0000000100000000)
  region size 1024K, 4 young (4096K), 4 survivors (4096K)
 Metaspace       used 134331K, committed 135552K, reserved 544768K
  class space    used 18223K, committed 18816K, reserved 421888K
}
Event: 62.260 GC heap before
{Heap before GC invocations=70 (full 0):
 garbage-first heap   total 340992K, used 301459K [0x0000000080000000, 0x0000000100000000)
  region size 1024K, 63 young (64512K), 4 survivors (4096K)
 Metaspace       used 135912K, committed 137152K, reserved 544768K
  class space    used 18425K, committed 19008K, reserved 421888K
}
Event: 62.266 GC heap after
{Heap after GC invocations=71 (full 0):
 garbage-first heap   total 340992K, used 237819K [0x0000000080000000, 0x0000000100000000)
  region size 1024K, 4 young (4096K), 4 survivors (4096K)
 Metaspace       used 135912K, committed 137152K, reserved 544768K
  class space    used 18425K, committed 19008K, reserved 421888K
}
Event: 63.351 GC heap before
{Heap before GC invocations=71 (full 0):
 garbage-first heap   total 340992K, used 310523K [0x0000000080000000, 0x0000000100000000)
  region size 1024K, 66 young (67584K), 4 survivors (4096K)
 Metaspace       used 136610K, committed 137856K, reserved 544768K
  class space    used 18483K, committed 19072K, reserved 421888K
}
Event: 63.357 GC heap after
{Heap after GC invocations=72 (full 0):
 garbage-first heap   total 340992K, used 243454K [0x0000000080000000, 0x0000000100000000)
  region size 1024K, 5 young (5120K), 5 survivors (5120K)
 Metaspace       used 136610K, committed 137856K, reserved 544768K
  class space    used 18483K, committed 19072K, reserved 421888K
}
Event: 63.718 GC heap before
{Heap before GC invocations=72 (full 0):
 garbage-first heap   total 340992K, used 303870K [0x0000000080000000, 0x0000000100000000)
  region size 1024K, 61 young (62464K), 5 survivors (5120K)
 Metaspace       used 137010K, committed 138304K, reserved 544768K
  class space    used 18531K, committed 19136K, reserved 421888K
}
Event: 63.734 GC heap after
{Heap after GC invocations=73 (full 0):
 garbage-first heap   total 340992K, used 252688K [0x0000000080000000, 0x0000000100000000)
  region size 1024K, 8 young (8192K), 8 survivors (8192K)
 Metaspace       used 137010K, committed 138304K, reserved 544768K
  class space    used 18531K, committed 19136K, reserved 421888K
}
Event: 63.897 GC heap before
{Heap before GC invocations=73 (full 0):
 garbage-first heap   total 340992K, used 292624K [0x0000000080000000, 0x0000000100000000)
  region size 1024K, 48 young (49152K), 8 survivors (8192K)
 Metaspace       used 137410K, committed 138624K, reserved 544768K
  class space    used 18586K, committed 19136K, reserved 421888K
}
Event: 63.914 GC heap after
{Heap after GC invocations=74 (full 0):
 garbage-first heap   total 340992K, used 260096K [0x0000000080000000, 0x0000000100000000)
  region size 1024K, 6 young (6144K), 6 survivors (6144K)
 Metaspace       used 137410K, committed 138624K, reserved 544768K
  class space    used 18586K, committed 19136K, reserved 421888K
}
Event: 64.072 GC heap before
{Heap before GC invocations=74 (full 0):
 garbage-first heap   total 340992K, used 293888K [0x0000000080000000, 0x0000000100000000)
  region size 1024K, 39 young (39936K), 6 survivors (6144K)
 Metaspace       used 137626K, committed 138880K, reserved 544768K
  class space    used 18626K, committed 19200K, reserved 421888K
}
Event: 64.083 GC heap after
{Heap after GC invocations=75 (full 0):
 garbage-first heap   total 340992K, used 263463K [0x0000000080000000, 0x0000000100000000)
  region size 1024K, 4 young (4096K), 4 survivors (4096K)
 Metaspace       used 137626K, committed 138880K, reserved 544768K
  class space    used 18626K, committed 19200K, reserved 421888K
}
Event: 64.275 GC heap before
{Heap before GC invocations=75 (full 0):
 garbage-first heap   total 340992K, used 293159K [0x0000000080000000, 0x0000000100000000)
  region size 1024K, 34 young (34816K), 4 survivors (4096K)
 Metaspace       used 137976K, committed 139264K, reserved 544768K
  class space    used 18669K, committed 19264K, reserved 421888K
}
Event: 64.281 GC heap after
{Heap after GC invocations=76 (full 0):
 garbage-first heap   total 340992K, used 266477K [0x0000000080000000, 0x0000000100000000)
  region size 1024K, 4 young (4096K), 4 survivors (4096K)
 Metaspace       used 137976K, committed 139264K, reserved 544768K
  class space    used 18669K, committed 19264K, reserved 421888K
}
Event: 64.376 GC heap before
{Heap before GC invocations=76 (full 0):
 garbage-first heap   total 340992K, used 295149K [0x0000000080000000, 0x0000000100000000)
  region size 1024K, 32 young (32768K), 4 survivors (4096K)
 Metaspace       used 138244K, committed 139456K, reserved 544768K
  class space    used 18709K, committed 19264K, reserved 421888K
}

